0 info it worked if it ends with ok
1 verbose cli [ 'node', '/usr/local/bin/npm', 'publish', 'hubot-bless' ]
2 info using npm@2.1.6
3 info using node@v0.10.33
4 verbose node symlink /usr/local/bin/node
5 verbose publish [ 'hubot-bless' ]
6 silly cache add args [ 'hubot-bless', null ]
7 verbose cache add spec hubot-bless
8 silly cache add parsed spec { raw: 'hubot-bless',
8 silly cache add   scope: null,
8 silly cache add   name: 'hubot-bless',
8 silly cache add   rawSpec: '',
8 silly cache add   spec: '*',
8 silly cache add   type: 'range' }
9 verbose addNamed hubot-bless@*
10 silly addNamed semver.valid null
11 silly addNamed semver.validRange *
12 silly addNameRange { name: 'hubot-bless', range: '*', hasData: false }
13 verbose mapToRegistry name hubot-bless
14 verbose mapToRegistry uri https://registry.npmjs.org/hubot-bless
15 verbose addNameRange registry:https://registry.npmjs.org/hubot-bless not in flight; fetching
16 verbose request on initialization, where is /hubot-bless
17 verbose request after pass 1, where is /hubot-bless
18 verbose request url raw /hubot-bless
19 verbose request resolving registry [ 'https://registry.npmjs.org/', './hubot-bless' ]
20 verbose request after pass 2, where is https://registry.npmjs.org/hubot-bless
21 verbose request no auth needed
22 info attempt registry request try #1 at 19:39:31
23 verbose request id 57249c5ce74d51f8
24 http request GET https://registry.npmjs.org/hubot-bless
25 http 404 https://registry.npmjs.org/hubot-bless
26 verbose headers { date: 'Thu, 06 Nov 2014 00:39:32 GMT',
26 verbose headers   server: 'CouchDB/1.5.0 (Erlang OTP/R16B03)',
26 verbose headers   'content-type': 'application/json',
26 verbose headers   'cache-control': 'max-age=0',
26 verbose headers   'content-length': '52',
26 verbose headers   'accept-ranges': 'bytes',
26 verbose headers   via: '1.1 varnish',
26 verbose headers   age: '0',
26 verbose headers   'x-served-by': 'cache-jfk1025-JFK',
26 verbose headers   'x-cache': 'MISS',
26 verbose headers   'x-cache-hits': '0',
26 verbose headers   'x-timer': 'S1415234371.995856,VS0,VE17',
26 verbose headers   'keep-alive': 'timeout=10, max=50',
26 verbose headers   connection: 'Keep-Alive' }
27 silly registry.get cb [ 404,
27 silly registry.get   { date: 'Thu, 06 Nov 2014 00:39:32 GMT',
27 silly registry.get     server: 'CouchDB/1.5.0 (Erlang OTP/R16B03)',
27 silly registry.get     'content-type': 'application/json',
27 silly registry.get     'cache-control': 'max-age=0',
27 silly registry.get     'content-length': '52',
27 silly registry.get     'accept-ranges': 'bytes',
27 silly registry.get     via: '1.1 varnish',
27 silly registry.get     age: '0',
27 silly registry.get     'x-served-by': 'cache-jfk1025-JFK',
27 silly registry.get     'x-cache': 'MISS',
27 silly registry.get     'x-cache-hits': '0',
27 silly registry.get     'x-timer': 'S1415234371.995856,VS0,VE17',
27 silly registry.get     'keep-alive': 'timeout=10, max=50',
27 silly registry.get     connection: 'Keep-Alive' } ]
28 verbose stack Error: 404 Not Found: hubot-bless
28 verbose stack     at RegClient.<anonymous> (/usr/local/lib/node_modules/npm/node_modules/npm-registry-client/lib/request.js:258:14)
28 verbose stack     at Request._callback (/usr/local/lib/node_modules/npm/node_modules/npm-registry-client/lib/request.js:197:65)
28 verbose stack     at Request.self.callback (/usr/local/lib/node_modules/npm/node_modules/request/request.js:364:22)
28 verbose stack     at Request.emit (events.js:98:17)
28 verbose stack     at Request.<anonymous> (/usr/local/lib/node_modules/npm/node_modules/request/request.js:1318:14)
28 verbose stack     at Request.emit (events.js:117:20)
28 verbose stack     at IncomingMessage.<anonymous> (/usr/local/lib/node_modules/npm/node_modules/request/request.js:1266:12)
28 verbose stack     at IncomingMessage.emit (events.js:117:20)
28 verbose stack     at _stream_readable.js:943:16
28 verbose stack     at process._tickCallback (node.js:419:13)
29 verbose statusCode 404
30 verbose pkgid hubot-bless
31 verbose cwd /Users/jdmcpeek/Code/hubot-bless
32 error Darwin 14.0.0
33 error argv "node" "/usr/local/bin/npm" "publish" "hubot-bless"
34 error node v0.10.33
35 error npm  v2.1.6
36 error code E404
37 error 404 Not Found: hubot-bless
37 error 404
37 error 404 'hubot-bless' is not in the npm registry.
37 error 404 You should bug the author to publish it (or use the name yourself!)
37 error 404
37 error 404 Note that you can also install from a
37 error 404 tarball, folder, http url, or git url.
38 verbose exit [ 1, true ]
